<?xml version="1.0" encoding="UTF-8"?>
<testng-results ignored="0" total="1" passed="1" failed="0" skipped="0">
  <reporter-output>
  </reporter-output>
  <suite started-at="2022-01-29T18:58:27 IST" name="MavenDemo.GoogleTest" finished-at="2022-01-29T18:58:45 IST" duration-ms="17930">
    <groups>
    </groups>
    <test started-at="2022-01-29T18:58:27 IST" name="Command line test" finished-at="2022-01-29T18:58:45 IST" duration-ms="17930">
      <class name="MavenDemo.GoogleTest">
        <test-method is-config="true" signature="beforeClass()[pri:0, instance:MavenDemo.GoogleTest@75881071]" started-at="2022-01-29T18:58:27 IST" name="beforeClass" finished-at="2022-01-29T18:58:40 IST" duration-ms="13171" status="PASS">
          <reporter-output>
          </reporter-output>
        </test-method> <!-- beforeClass -->
        <test-method signature="f()[pri:0, instance:MavenDemo.GoogleTest@75881071]" started-at="2022-01-29T18:58:40 IST" name="f" finished-at="2022-01-29T18:58:45 IST" duration-ms="4330" status="PASS">
          <reporter-output>
          </reporter-output>
        </test-method> <!-- f -->
        <test-method is-config="true" signature="afterClass()[pri:0, instance:MavenDemo.GoogleTest@75881071]" started-at="2022-01-29T18:58:45 IST" name="afterClass" finished-at="2022-01-29T18:58:45 IST" duration-ms="276" status="PASS">
          <reporter-output>
          </reporter-output>
        </test-method> <!-- afterClass -->
      </class> <!-- MavenDemo.GoogleTest -->
    </test> <!-- Command line test -->
  </suite> <!-- MavenDemo.GoogleTest -->
</testng-results>
