<?xml version="1.0" encoding="UTF-8"?>
<testng-results ignored="0" total="1" passed="1" failed="0" skipped="0">
  <reporter-output>
  </reporter-output>
  <suite started-at="2022-01-29T20:31:55 IST" name="Default suite" finished-at="2022-01-29T20:31:55 IST" duration-ms="137">
    <groups>
    </groups>
    <test started-at="2022-01-29T20:31:55 IST" name="Default test" finished-at="2022-01-29T20:31:55 IST" duration-ms="137">
      <class name="MavenDemo.TotpTest">
        <test-method signature="opt_test()[pri:0, instance:MavenDemo.TotpTest@70be0a2b]" started-at="2022-01-29T20:31:55 IST" name="opt_test" finished-at="2022-01-29T20:31:55 IST" duration-ms="74" status="PASS">
          <reporter-output>
          </reporter-output>
        </test-method> <!-- opt_test -->
      </class> <!-- MavenDemo.TotpTest -->
    </test> <!-- Default test -->
  </suite> <!-- Default suite -->
</testng-results>
